<?xml version="1.0" encoding="UTF-8"?>
<testsuite xmlns:xsi="http://www.w3.org/2001/XMLSchema-instance" xsi:noNamespaceSchemaLocation="https://maven.apache.org/surefire/maven-surefire-plugin/xsd/surefire-test-report.xsd" name="TestSuite" time="40.244" tests="2" errors="0" skipped="0" failures="0">
  <properties>
[...]
</properties>
  <testcase name="BeforeLoginPageTitleTest" classname="com.cpt.qa.PageTests.TC01_LoginPageTest" time="2.029"/>
  <testcase name="loginPageTest" classname="com.cpt.qa.PageTests.TC01_LoginPageTest" time="3.177"/>
</testsuite>