<?xml version="1.0" encoding="UTF-8"?>
<!-- Generated by org.testng.reporters.JUnitXMLReporter -->
<testsuite hostname="LAPTOP-R69EIENB" ignored="0" name="CPT Automation Test" tests="3" failures="0" timestamp="14 Feb 2020 10:25:09 GMT" time="346.661" errors="0">
  <testcase name="validatebeforeAssigningPercentageRAReportTest" time="51.768" classname="com.cpt.qa.PageTests.beforeAssigningPercentageRAReportTest"/>
  <testcase name="validateEmtResourceAssignementTest" time="148.738" classname="com.cpt.qa.PageTests.TC02_EMTResourceAssignmentPageTest"/>
  <testcase name="validatebeforeAssigningPercentageRAReportTest" time="47.055" classname="com.cpt.qa.PageTests.afterAssigningPercentageRAReportTest"/>
</testsuite> <!-- CPT Automation Test -->
