<?xml version="1.0" encoding="UTF-8"?>
<!-- Generated by org.testng.reporters.JUnitXMLReporter -->
<testsuite hostname="LAPTOP-R69EIENB" ignored="0" name="Capacity Planner Application Test Automation Test" tests="10" failures="0" timestamp="22 Jan 2020 11:02:39 GMT" time="583.877" errors="0">
  <testcase name="BeforeLoginPageTitleTest" time="2.064" classname="com.cpt.qa.PageTests.TC01_LoginPageTest"/>
  <testcase name="pageHeadingTextTest" time="20.688" classname="com.cpt.qa.PageTests.TC02_EMTResourceAssignmentPageTest"/>
  <testcase name="validateResourceAvailabilityReportPageTitleTest" time="9.27" classname="com.cpt.qa.PageTests.TC03_resourceAvailabilityReportPageTest"/>
  <testcase name="loginPageTest" time="2.195" classname="com.cpt.qa.PageTests.TC01_LoginPageTest"/>
  <testcase name="validateEmtResourceAssignementTest" time="61.306" classname="com.cpt.qa.PageTests.TC02_EMTResourceAssignmentPageTest"/>
  <testcase name="validateEmtResourceAssignementTest" time="61.831" classname="com.cpt.qa.PageTests.TC02_EMTResourceAssignmentPageTest"/>
  <testcase name="validateLoggedInUserImageTest" time="16.712" classname="com.cpt.qa.PageTests.TC03_resourceAvailabilityReportPageTest"/>
  <testcase name="pageHeadingTextTest" time="40.888" classname="com.cpt.qa.PageTests.TC03_resourceAvailabilityReportPageTest"/>
  <testcase name="validateResourceAvailabilityReportTest" time="65.491" classname="com.cpt.qa.PageTests.TC03_resourceAvailabilityReportPageTest"/>
  <testcase name="validateResourceAvailabilityReportTest" time="68.138" classname="com.cpt.qa.PageTests.TC03_resourceAvailabilityReportPageTest"/>
</testsuite> <!-- Capacity Planner Application Test Automation Test -->
