<?xml version="1.0" encoding="UTF-8"?>
<!-- Generated by org.testng.reporters.JUnitXMLReporter -->
<testsuite hostname="LAPTOP-R69EIENB" ignored="0" name="CPT App Test Cases" tests="9" failures="0" timestamp="10 Feb 2020 11:16:30 GMT" time="892.918" errors="0">
  <testcase name="BeforeLoginPageTitleTest" time="2.034" classname="com.cpt.qa.PageTests.TC01_LoginPageTest"/>
  <testcase name="pageHeadingTextTest" time="15.542" classname="com.cpt.qa.PageTests.TC02_EMTResourceAssignmentPageTest"/>
  <testcase name="validateResourceAvailabilityReportPageTitleTest" time="10.004" classname="com.cpt.qa.PageTests.TC03_resourceAvailabilityReportPageTest"/>
  <testcase name="loginPageTest" time="2.425" classname="com.cpt.qa.PageTests.TC01_LoginPageTest"/>
  <testcase name="validateEmtResourceAssignementTest" time="145.336" classname="com.cpt.qa.PageTests.TC02_EMTResourceAssignmentPageTest"/>
  <testcase name="validateLoggedInUserImageTest" time="12.823" classname="com.cpt.qa.PageTests.TC03_resourceAvailabilityReportPageTest"/>
  <testcase name="pageHeadingTextTest" time="21.789" classname="com.cpt.qa.PageTests.TC03_resourceAvailabilityReportPageTest"/>
  <testcase name="validateResourceAvailabilityReportTest" time="45.896" classname="com.cpt.qa.PageTests.TC03_resourceAvailabilityReportPageTest"/>
  <testcase name="validateNullValuesTest" time="440.263" classname="com.cpt.qa.PageTests.TC03_resourceAvailabilityReportPageTest"/>
</testsuite> <!-- CPT App Test Cases -->
