<?xml version="1.0" encoding="UTF-8"?>
<!-- Generated by org.testng.reporters.JUnitXMLReporter -->
<testsuite hostname="LAPTOP-R69EIENB" ignored="0" name="CPT App Test Cases" tests="2" failures="0" timestamp="2020-02-10T14:50:55 IST" time="38.891" errors="0">
  <testcase name="BeforeLoginPageTitleTest" time="2.026" classname="com.cpt.qa.PageTests.TC01_LoginPageTest"/>
  <testcase name="loginPageTest" time="3.175" classname="com.cpt.qa.PageTests.TC01_LoginPageTest"/>
</testsuite> <!-- CPT App Test Cases -->
